INFO  [2024-06-22 10:52:16] MSstats - dataProcess function
INFO  [2024-06-22 10:52:16] Summary method: TMP
INFO  [2024-06-22 10:52:16] censoredInt: NA
INFO  [2024-06-22 10:52:17] Logarithm transformation with base 2 is done
INFO  [2024-06-22 10:52:19] Factorize in columns(GROUP, SUBJECT, GROUP_ORIGINAL, SUBJECT_ORIGINAL, FEATURE, RUN)
INFO  [2024-06-22 10:52:20] ** Use all features that the dataset originally has.
INFO  [2024-06-22 10:52:22] 
 # proteins: 7423
 # peptides per protein: 1-1125
 # features per peptide: 1-1
INFO  [2024-06-22 10:52:22] Some proteins have only one feature: 
 A0A0G2KD63,
 A0A0G2KG61,
 A0A0G2KGQ6; Q5VSD9,
 A0A0G2KIG7,
 A0A0G2KLM5 ...
INFO  [2024-06-22 10:52:22] 
                    126_vehicle 127C_vehicle 127N_vehicle 128C_vehicle 128N_vehicle 129C_vehicle 129N_vehicle 130C_vehicle 130N_vehicle Norm
             # runs           1            1            1            1            1            1            1            1            1    1
    # bioreplicates           1            1            1            1            1            1            1            1            1    1
 # tech. replicates           1            1            1            1            1            1            1            1            1    1
INFO  [2024-06-22 10:52:25] Some features are completely missing in at least one condition:  
 [K].eNFLDVLk.[I]_2_NA_NA,
 [K].nVLPTkEDIEQEk.[K]_3_NA_NA,
 [R].vFGDGAWVmYEEPNFRGR.[M]_3_NA_NA,
 [K].tGQNLRVDMLLNDk.[S]_3_NA_NA,
 [K].qGTGTLDSNR.[S]_2_NA_NA ...
INFO  [2024-06-22 10:52:25] == Start the summarization per subplot...
INFO  [2024-06-22 11:08:47] == Summarization is done.
INFO  [2024-06-22 11:08:53] MSstats - dataProcess function
INFO  [2024-06-22 11:08:53] Summary method: TMP
INFO  [2024-06-22 11:08:53] censoredInt: NA
INFO  [2024-06-22 11:08:55] Logarithm transformation with base 2 is done
INFO  [2024-06-22 11:08:57] Factorize in columns(GROUP, SUBJECT, GROUP_ORIGINAL, SUBJECT_ORIGINAL, FEATURE, RUN)
INFO  [2024-06-22 11:08:58] ** Use all features that the dataset originally has.
INFO  [2024-06-22 11:09:01] 
 # proteins: 8062
 # peptides per protein: 1-1349
 # features per peptide: 1-1
INFO  [2024-06-22 11:09:01] Some proteins have only one feature: 
 A0A0G2KD63,
 A0A0G2KJM7,
 A0A0G2KNF5,
 A0A0G2KPL1,
 A0A0G2KQU1; Q6GMG2 ...
INFO  [2024-06-22 11:09:01] 
                    126_vehicle 127C_vehicle 127N_vehicle 128C_vehicle 128N_vehicle 129C_vehicle 129N_vehicle 130C_vehicle 130N_vehicle Norm
             # runs           1            1            1            1            1            1            1            1            1    1
    # bioreplicates           1            1            1            1            1            1            1            1            1    1
 # tech. replicates           1            1            1            1            1            1            1            1            1    1
INFO  [2024-06-22 11:09:04] Some features are completely missing in at least one condition:  
 [K].iENIFVAVk.[T]_2_NA_NA,
 [K].lHEVLk.[KF]_3_NA_NA,
 [K].qGTGTLDSNR.[S]_2_NA_NA,
 [K].vTADSEQPGPDcR.[F]_2_NA_NA,
 [K].yLTAEMFGFk.[I]_3_NA_NA ...
INFO  [2024-06-22 11:09:04] == Start the summarization per subplot...
INFO  [2024-06-22 11:37:23] == Summarization is done.
INFO  [2024-06-22 11:37:31] MSstats - dataProcess function
INFO  [2024-06-22 11:37:31] Summary method: TMP
INFO  [2024-06-22 11:37:31] censoredInt: NA
INFO  [2024-06-22 11:37:32] Logarithm transformation with base 2 is done
INFO  [2024-06-22 11:37:34] Factorize in columns(GROUP, SUBJECT, GROUP_ORIGINAL, SUBJECT_ORIGINAL, FEATURE, RUN)
INFO  [2024-06-22 11:37:35] ** Use all features that the dataset originally has.
INFO  [2024-06-22 11:37:41] 
 # proteins: 8117
 # peptides per protein: 1-1423
 # features per peptide: 1-1
INFO  [2024-06-22 11:37:41] Some proteins have only one feature: 
 A0A0G2KJM7,
 A0A0G2KNS1,
 A0A0G2KPJ7; E7FAG7; F1Q8Z0,
 A0A0G2KUS3,
 A0A0G2KXI9 ...
INFO  [2024-06-22 11:37:41] 
                    126_treated 127C_treated 127N_treated 128C_treated 128N_treated 129C_treated 129N_treated 130C_treated 130N_treated Norm
             # runs           1            1            1            1            1            1            1            1            1    1
    # bioreplicates           1            1            1            1            1            1            1            1            1    1
 # tech. replicates           1            1            1            1            1            1            1            1            1    1
INFO  [2024-06-22 11:37:44] Some features are completely missing in at least one condition:  
 [K].eNFLDVLk.[I]_2_NA_NA,
 [R].mHGEQYRMELFEGcNYTGQcMELcDDcPFLQSR.[G]_4_NA_NA,
 [K].iNASASSMk.[K]_2_NA_NA,
 [K].sPScFFDLEWk.[G]_2_NA_NA,
 [K].yIAPTGPTGTMk.[S]_2_NA_NA ...
INFO  [2024-06-22 11:37:44] == Start the summarization per subplot...
INFO  [2024-06-22 12:12:08] == Summarization is done.
INFO  [2024-06-22 12:12:14] MSstats - dataProcess function
INFO  [2024-06-22 12:12:14] Summary method: TMP
INFO  [2024-06-22 12:12:14] censoredInt: NA
INFO  [2024-06-22 12:12:16] Logarithm transformation with base 2 is done
INFO  [2024-06-22 12:12:19] Factorize in columns(GROUP, SUBJECT, GROUP_ORIGINAL, SUBJECT_ORIGINAL, FEATURE, RUN)
INFO  [2024-06-22 12:12:19] ** Use all features that the dataset originally has.
INFO  [2024-06-22 12:12:23] 
 # proteins: 8132
 # peptides per protein: 1-1412
 # features per peptide: 1-1
INFO  [2024-06-22 12:12:23] Some proteins have only one feature: 
 A0A0G2KG61,
 A0A0G2KNE7,
 A0A0G2KNS1,
 A0A0G2KPJ7; E7FAG7; F1Q8Z0,
 A0A0G2KPL1 ...
INFO  [2024-06-22 12:12:23] 
                    126_treated 127C_treated 127N_treated 128C_treated 128N_treated 129C_treated 129N_treated 130C_treated 130N_treated Norm
             # runs           1            1            1            1            1            1            1            1            1    1
    # bioreplicates           1            1            1            1            1            1            1            1            1    1
 # tech. replicates           1            1            1            1            1            1            1            1            1    1
INFO  [2024-06-22 12:12:26] Some features are completely missing in at least one condition:  
 [K].lLESLYGTkk.[S]_3_NA_NA,
 [K].iENIFVAVk.[T]_2_NA_NA,
 [K].lHEVLk.[KF]_3_NA_NA,
 [R].lASkIEEEPLk.[S]_3_NA_NA,
 [R].lSSQFGk.[N]_2_NA_NA ...
INFO  [2024-06-22 12:12:26] == Start the summarization per subplot...
INFO  [2024-06-22 12:48:01] == Summarization is done.
